[      43ms] [WARNING] The `integrity` attribute is currently ignored for preload destinations that do not support subresource integrity. See https://crbug.com/981419 for more information @ http://localhost:1420/:19
[     134ms] TypeError: Cannot read properties of undefined (reading 'event')
    at __wbg_listen_7ec0e95d762a13a2 (http://localhost:1420/flux-app-ui-f2f8529d208ddf3c.js:452:42)
    at flux_app_ui-2ba01c18aa3833e1.wasm.flux_app_ui::ui::tauri::listen::{{closure}}::__wbg_listen_7ec0e95d762a13a2::h079d71af2af22c4d externref shim (http://localhost:1420/flux-app-ui-f2f8529d208ddf3c_bg.wasm:wasm-function[11921]:0x1ac69a)
    at flux_app_ui-2ba01c18aa3833e1.wasm.flux_app_ui::ui::tauri::listen::{{closure}}::h5d901305d455d81f (http://localhost:1420/flux-app-ui-f2f8529d208ddf3c_bg.wasm:wasm-function[573]:0x71227)
    at flux_app_ui-2ba01c18aa3833e1.wasm.flux_app_ui::ui::tauri::listen_event::{{closure}}::h7cb5cff8e3c3ed5c (http://localhost:1420/flux-app-ui-f2f8529d208ddf3c_bg.wasm:wasm-function[443]:0x5ee63)
    at flux_app_ui-2ba01c18aa3833e1.wasm.flux_app_ui::app::__App::{{closure}}::{{closure}}::h8ca10082219cf886 (http://localhost:1420/flux-app-ui-f2f8529d208ddf3c_bg.wasm:wasm-function[531]:0x6ba5f)
    at flux_app_ui-2ba01c18aa3833e1.wasm.<core::pin::Pin<P> as core::future::future::Future>::poll::h0c269f489e63d77b (http://localhost:1420/flux-app-ui-f2f8529d208ddf3c_bg.wasm:wasm-function[5234]:0x152dd0)
    at flux_app_ui-2ba01c18aa3833e1.wasm.wasm_bindgen_futures::task::singlethread::Inner::is_ready::hce103fa316491728 (http://localhost:1420/flux-app-ui-f2f8529d208ddf3c_bg.wasm:wasm-function[3627]:0x125867)
    at flux_app_ui-2ba01c18aa3833e1.wasm.wasm_bindgen_futures::task::singlethread::Task::run::{{closure}}::h6443472ecc4aadd4 (http://localhost:1420/flux-app-ui-f2f8529d208ddf3c_bg.wasm:wasm-function[8899]:0x18ff63)
    at flux_app_ui-2ba01c18aa3833e1.wasm.wasm_bindgen::convert::closures::_::invoke::hd8f372fbd3ed4996 (http://localhost:1420/flux-app-ui-f2f8529d208ddf3c_bg.wasm:wasm-function[4024]:0x132344)
    at wasm_bindgen__convert__closures_____invoke__hd8f372fbd3ed4996 (http://localhost:1420/flux-app-ui-f2f8529d208ddf3c.js:721:22)
[    5113ms] TypeError: Cannot read properties of undefined (reading 'core')
    at __wbg_invoke_0d6dbea4af0851b6 (http://localhost:1420/flux-app-ui-f2f8529d208ddf3c.js:417:42)
    at flux_app_ui-2ba01c18aa3833e1.wasm.flux_app_ui::services::audio::invoke::{{closure}}::__wbg_invoke_0d6dbea4af0851b6::h4ba6893f51abc864 externref shim (http://localhost:1420/flux-app-ui-f2f8529d208ddf3c_bg.wasm:wasm-function[11733]:0x1ab1da)
    at flux_app_ui-2ba01c18aa3833e1.wasm.flux_app_ui::services::audio::invoke::{{closure}}::h920da0b246c98c89 (http://localhost:1420/flux-app-ui-f2f8529d208ddf3c_bg.wasm:wasm-function[567]:0x70544)
    at flux_app_ui-2ba01c18aa3833e1.wasm.flux_app_ui::services::audio::set_playback_state::{{closure}}::h9f271c159ef7fbc3 (http://localhost:1420/flux-app-ui-f2f8529d208ddf3c_bg.wasm:wasm-function[639]:0x791c0)
    at flux_app_ui-2ba01c18aa3833e1.wasm.flux_app_ui::ui::components::toolbar::__Toolbar::{{closure}}::{{closure}}::h39731483b7120fc1 (http://localhost:1420/flux-app-ui-f2f8529d208ddf3c_bg.wasm:wasm-function[1259]:0xb2bfa)
    at flux_app_ui-2ba01c18aa3833e1.wasm.<core::pin::Pin<P> as core::future::future::Future>::poll::h0c269f489e63d77b (http://localhost:1420/flux-app-ui-f2f8529d208ddf3c_bg.wasm:wasm-function[5234]:0x152dd0)
    at flux_app_ui-2ba01c18aa3833e1.wasm.wasm_bindgen_futures::task::singlethread::Inner::is_ready::hce103fa316491728 (http://localhost:1420/flux-app-ui-f2f8529d208ddf3c_bg.wasm:wasm-function[3627]:0x125867)
    at flux_app_ui-2ba01c18aa3833e1.wasm.wasm_bindgen_futures::task::singlethread::Task::run::{{closure}}::h6443472ecc4aadd4 (http://localhost:1420/flux-app-ui-f2f8529d208ddf3c_bg.wasm:wasm-function[8899]:0x18ff63)
    at flux_app_ui-2ba01c18aa3833e1.wasm.wasm_bindgen::convert::closures::_::invoke::hd8f372fbd3ed4996 (http://localhost:1420/flux-app-ui-f2f8529d208ddf3c_bg.wasm:wasm-function[4024]:0x132344)
    at wasm_bindgen__convert__closures_____invoke__hd8f372fbd3ed4996 (http://localhost:1420/flux-app-ui-f2f8529d208ddf3c.js:721:22)
[    6486ms] TypeError: Cannot read properties of undefined (reading 'core')
    at __wbg_invoke_0d6dbea4af0851b6 (http://localhost:1420/flux-app-ui-f2f8529d208ddf3c.js:417:42)
    at flux_app_ui-2ba01c18aa3833e1.wasm.flux_app_ui::services::audio::invoke::{{closure}}::__wbg_invoke_0d6dbea4af0851b6::h4ba6893f51abc864 externref shim (http://localhost:1420/flux-app-ui-f2f8529d208ddf3c_bg.wasm:wasm-function[11733]:0x1ab1da)
    at flux_app_ui-2ba01c18aa3833e1.wasm.flux_app_ui::services::audio::invoke::{{closure}}::h920da0b246c98c89 (http://localhost:1420/flux-app-ui-f2f8529d208ddf3c_bg.wasm:wasm-function[567]:0x70544)
    at flux_app_ui-2ba01c18aa3833e1.wasm.flux_app_ui::services::audio::set_playback_state::{{closure}}::h9f271c159ef7fbc3 (http://localhost:1420/flux-app-ui-f2f8529d208ddf3c_bg.wasm:wasm-function[639]:0x791c0)
    at flux_app_ui-2ba01c18aa3833e1.wasm.flux_app_ui::ui::components::toolbar::__Toolbar::{{closure}}::{{closure}}::h39731483b7120fc1 (http://localhost:1420/flux-app-ui-f2f8529d208ddf3c_bg.wasm:wasm-function[1259]:0xb2bfa)
    at flux_app_ui-2ba01c18aa3833e1.wasm.<core::pin::Pin<P> as core::future::future::Future>::poll::h0c269f489e63d77b (http://localhost:1420/flux-app-ui-f2f8529d208ddf3c_bg.wasm:wasm-function[5234]:0x152dd0)
    at flux_app_ui-2ba01c18aa3833e1.wasm.wasm_bindgen_futures::task::singlethread::Inner::is_ready::hce103fa316491728 (http://localhost:1420/flux-app-ui-f2f8529d208ddf3c_bg.wasm:wasm-function[3627]:0x125867)
    at flux_app_ui-2ba01c18aa3833e1.wasm.wasm_bindgen_futures::task::singlethread::Task::run::{{closure}}::h6443472ecc4aadd4 (http://localhost:1420/flux-app-ui-f2f8529d208ddf3c_bg.wasm:wasm-function[8899]:0x18ff63)
    at flux_app_ui-2ba01c18aa3833e1.wasm.wasm_bindgen::convert::closures::_::invoke::hd8f372fbd3ed4996 (http://localhost:1420/flux-app-ui-f2f8529d208ddf3c_bg.wasm:wasm-function[4024]:0x132344)
    at wasm_bindgen__convert__closures_____invoke__hd8f372fbd3ed4996 (http://localhost:1420/flux-app-ui-f2f8529d208ddf3c.js:721:22)
[    6985ms] TypeError: Cannot read properties of undefined (reading 'core')
    at __wbg_invoke_0d6dbea4af0851b6 (http://localhost:1420/flux-app-ui-f2f8529d208ddf3c.js:417:42)
    at flux_app_ui-2ba01c18aa3833e1.wasm.flux_app_ui::services::audio::invoke::{{closure}}::__wbg_invoke_0d6dbea4af0851b6::h4ba6893f51abc864 externref shim (http://localhost:1420/flux-app-ui-f2f8529d208ddf3c_bg.wasm:wasm-function[11733]:0x1ab1da)
    at flux_app_ui-2ba01c18aa3833e1.wasm.flux_app_ui::services::audio::invoke::{{closure}}::h920da0b246c98c89 (http://localhost:1420/flux-app-ui-f2f8529d208ddf3c_bg.wasm:wasm-function[567]:0x70544)
    at flux_app_ui-2ba01c18aa3833e1.wasm.flux_app_ui::services::audio::set_playback_state::{{closure}}::h9f271c159ef7fbc3 (http://localhost:1420/flux-app-ui-f2f8529d208ddf3c_bg.wasm:wasm-function[639]:0x791c0)
    at flux_app_ui-2ba01c18aa3833e1.wasm.flux_app_ui::ui::components::toolbar::__Toolbar::{{closure}}::{{closure}}::h354a75729cd8d8d7 (http://localhost:1420/flux-app-ui-f2f8529d208ddf3c_bg.wasm:wasm-function[1258]:0xb2ac8)
    at flux_app_ui-2ba01c18aa3833e1.wasm.<core::pin::Pin<P> as core::future::future::Future>::poll::h0c269f489e63d77b (http://localhost:1420/flux-app-ui-f2f8529d208ddf3c_bg.wasm:wasm-function[5234]:0x152dd0)
    at flux_app_ui-2ba01c18aa3833e1.wasm.wasm_bindgen_futures::task::singlethread::Inner::is_ready::hce103fa316491728 (http://localhost:1420/flux-app-ui-f2f8529d208ddf3c_bg.wasm:wasm-function[3627]:0x125867)
    at flux_app_ui-2ba01c18aa3833e1.wasm.wasm_bindgen_futures::task::singlethread::Task::run::{{closure}}::h6443472ecc4aadd4 (http://localhost:1420/flux-app-ui-f2f8529d208ddf3c_bg.wasm:wasm-function[8899]:0x18ff63)
    at flux_app_ui-2ba01c18aa3833e1.wasm.wasm_bindgen::convert::closures::_::invoke::hd8f372fbd3ed4996 (http://localhost:1420/flux-app-ui-f2f8529d208ddf3c_bg.wasm:wasm-function[4024]:0x132344)
    at wasm_bindgen__convert__closures_____invoke__hd8f372fbd3ed4996 (http://localhost:1420/flux-app-ui-f2f8529d208ddf3c.js:721:22)
[    7476ms] TypeError: Cannot read properties of undefined (reading 'core')
    at __wbg_invoke_0d6dbea4af0851b6 (http://localhost:1420/flux-app-ui-f2f8529d208ddf3c.js:417:42)
    at flux_app_ui-2ba01c18aa3833e1.wasm.flux_app_ui::services::audio::invoke::{{closure}}::__wbg_invoke_0d6dbea4af0851b6::h4ba6893f51abc864 externref shim (http://localhost:1420/flux-app-ui-f2f8529d208ddf3c_bg.wasm:wasm-function[11733]:0x1ab1da)
    at flux_app_ui-2ba01c18aa3833e1.wasm.flux_app_ui::services::audio::invoke::{{closure}}::h920da0b246c98c89 (http://localhost:1420/flux-app-ui-f2f8529d208ddf3c_bg.wasm:wasm-function[567]:0x70544)
    at flux_app_ui-2ba01c18aa3833e1.wasm.flux_app_ui::services::audio::set_playback_state::{{closure}}::h9f271c159ef7fbc3 (http://localhost:1420/flux-app-ui-f2f8529d208ddf3c_bg.wasm:wasm-function[639]:0x791c0)
    at flux_app_ui-2ba01c18aa3833e1.wasm.flux_app_ui::ui::components::toolbar::__Toolbar::{{closure}}::{{closure}}::h39731483b7120fc1 (http://localhost:1420/flux-app-ui-f2f8529d208ddf3c_bg.wasm:wasm-function[1259]:0xb2bfa)
    at flux_app_ui-2ba01c18aa3833e1.wasm.<core::pin::Pin<P> as core::future::future::Future>::poll::h0c269f489e63d77b (http://localhost:1420/flux-app-ui-f2f8529d208ddf3c_bg.wasm:wasm-function[5234]:0x152dd0)
    at flux_app_ui-2ba01c18aa3833e1.wasm.wasm_bindgen_futures::task::singlethread::Inner::is_ready::hce103fa316491728 (http://localhost:1420/flux-app-ui-f2f8529d208ddf3c_bg.wasm:wasm-function[3627]:0x125867)
    at flux_app_ui-2ba01c18aa3833e1.wasm.wasm_bindgen_futures::task::singlethread::Task::run::{{closure}}::h6443472ecc4aadd4 (http://localhost:1420/flux-app-ui-f2f8529d208ddf3c_bg.wasm:wasm-function[8899]:0x18ff63)
    at flux_app_ui-2ba01c18aa3833e1.wasm.wasm_bindgen::convert::closures::_::invoke::hd8f372fbd3ed4996 (http://localhost:1420/flux-app-ui-f2f8529d208ddf3c_bg.wasm:wasm-function[4024]:0x132344)
    at wasm_bindgen__convert__closures_____invoke__hd8f372fbd3ed4996 (http://localhost:1420/flux-app-ui-f2f8529d208ddf3c.js:721:22)
[    8713ms] TypeError: Cannot read properties of undefined (reading 'core')
    at __wbg_invoke_0d6dbea4af0851b6 (http://localhost:1420/flux-app-ui-f2f8529d208ddf3c.js:417:42)
    at flux_app_ui-2ba01c18aa3833e1.wasm.flux_app_ui::services::audio::invoke::{{closure}}::__wbg_invoke_0d6dbea4af0851b6::h4ba6893f51abc864 externref shim (http://localhost:1420/flux-app-ui-f2f8529d208ddf3c_bg.wasm:wasm-function[11733]:0x1ab1da)
    at flux_app_ui-2ba01c18aa3833e1.wasm.flux_app_ui::services::audio::invoke::{{closure}}::h920da0b246c98c89 (http://localhost:1420/flux-app-ui-f2f8529d208ddf3c_bg.wasm:wasm-function[567]:0x70544)
    at flux_app_ui-2ba01c18aa3833e1.wasm.flux_app_ui::services::audio::set_playback_state::{{closure}}::h9f271c159ef7fbc3 (http://localhost:1420/flux-app-ui-f2f8529d208ddf3c_bg.wasm:wasm-function[639]:0x791c0)
    at flux_app_ui-2ba01c18aa3833e1.wasm.flux_app_ui::ui::components::toolbar::__Toolbar::{{closure}}::{{closure}}::h354a75729cd8d8d7 (http://localhost:1420/flux-app-ui-f2f8529d208ddf3c_bg.wasm:wasm-function[1258]:0xb2ac8)
    at flux_app_ui-2ba01c18aa3833e1.wasm.<core::pin::Pin<P> as core::future::future::Future>::poll::h0c269f489e63d77b (http://localhost:1420/flux-app-ui-f2f8529d208ddf3c_bg.wasm:wasm-function[5234]:0x152dd0)
    at flux_app_ui-2ba01c18aa3833e1.wasm.wasm_bindgen_futures::task::singlethread::Inner::is_ready::hce103fa316491728 (http://localhost:1420/flux-app-ui-f2f8529d208ddf3c_bg.wasm:wasm-function[3627]:0x125867)
    at flux_app_ui-2ba01c18aa3833e1.wasm.wasm_bindgen_futures::task::singlethread::Task::run::{{closure}}::h6443472ecc4aadd4 (http://localhost:1420/flux-app-ui-f2f8529d208ddf3c_bg.wasm:wasm-function[8899]:0x18ff63)
    at flux_app_ui-2ba01c18aa3833e1.wasm.wasm_bindgen::convert::closures::_::invoke::hd8f372fbd3ed4996 (http://localhost:1420/flux-app-ui-f2f8529d208ddf3c_bg.wasm:wasm-function[4024]:0x132344)
    at wasm_bindgen__convert__closures_____invoke__hd8f372fbd3ed4996 (http://localhost:1420/flux-app-ui-f2f8529d208ddf3c.js:721:22)
[   31278ms] TypeError: Cannot read properties of undefined (reading 'core')
    at __wbg_invoke_0d6dbea4af0851b6 (http://localhost:1420/flux-app-ui-f2f8529d208ddf3c.js:417:42)
    at flux_app_ui-2ba01c18aa3833e1.wasm.flux_app_ui::services::audio::invoke::{{closure}}::__wbg_invoke_0d6dbea4af0851b6::h4ba6893f51abc864 externref shim (http://localhost:1420/flux-app-ui-f2f8529d208ddf3c_bg.wasm:wasm-function[11733]:0x1ab1da)
    at flux_app_ui-2ba01c18aa3833e1.wasm.flux_app_ui::ui::tauri::invoke::{{closure}}::hcd72c730cd5547f5 (http://localhost:1420/flux-app-ui-f2f8529d208ddf3c_bg.wasm:wasm-function[572]:0x70ff4)
    at flux_app_ui-2ba01c18aa3833e1.wasm.flux_app_ui::ui::tauri::toggle_step::{{closure}}::h4727373a7b73037e (http://localhost:1420/flux-app-ui-f2f8529d208ddf3c_bg.wasm:wasm-function[596]:0x74109)
    at flux_app_ui-2ba01c18aa3833e1.wasm.flux_app_ui::ui::components::inspector::__Inspector::{{closure}}::{{closure}}::{{closure}}::h91afbab7ed092875 (http://localhost:1420/flux-app-ui-f2f8529d208ddf3c_bg.wasm:wasm-function[999]:0x9dc47)
    at flux_app_ui-2ba01c18aa3833e1.wasm.<core::pin::Pin<P> as core::future::future::Future>::poll::h0c269f489e63d77b (http://localhost:1420/flux-app-ui-f2f8529d208ddf3c_bg.wasm:wasm-function[5234]:0x152dd0)
    at flux_app_ui-2ba01c18aa3833e1.wasm.wasm_bindgen_futures::task::singlethread::Inner::is_ready::hce103fa316491728 (http://localhost:1420/flux-app-ui-f2f8529d208ddf3c_bg.wasm:wasm-function[3627]:0x125867)
    at flux_app_ui-2ba01c18aa3833e1.wasm.wasm_bindgen_futures::task::singlethread::Task::run::{{closure}}::h6443472ecc4aadd4 (http://localhost:1420/flux-app-ui-f2f8529d208ddf3c_bg.wasm:wasm-function[8899]:0x18ff63)
    at flux_app_ui-2ba01c18aa3833e1.wasm.wasm_bindgen::convert::closures::_::invoke::hd8f372fbd3ed4996 (http://localhost:1420/flux-app-ui-f2f8529d208ddf3c_bg.wasm:wasm-function[4024]:0x132344)
    at wasm_bindgen__convert__closures_____invoke__hd8f372fbd3ed4996 (http://localhost:1420/flux-app-ui-f2f8529d208ddf3c.js:721:22)
[   69659ms] TypeError: Cannot read properties of undefined (reading 'core')
    at __wbg_invoke_0d6dbea4af0851b6 (http://localhost:1420/flux-app-ui-f2f8529d208ddf3c.js:417:42)
    at flux_app_ui-2ba01c18aa3833e1.wasm.flux_app_ui::services::audio::invoke::{{closure}}::__wbg_invoke_0d6dbea4af0851b6::h4ba6893f51abc864 externref shim (http://localhost:1420/flux-app-ui-f2f8529d208ddf3c_bg.wasm:wasm-function[11733]:0x1ab1da)
    at flux_app_ui-2ba01c18aa3833e1.wasm.flux_app_ui::ui::tauri::invoke::{{closure}}::hcd72c730cd5547f5 (http://localhost:1420/flux-app-ui-f2f8529d208ddf3c_bg.wasm:wasm-function[572]:0x70ff4)
    at flux_app_ui-2ba01c18aa3833e1.wasm.flux_app_ui::ui::tauri::toggle_step::{{closure}}::h4727373a7b73037e (http://localhost:1420/flux-app-ui-f2f8529d208ddf3c_bg.wasm:wasm-function[596]:0x74109)
    at flux_app_ui-2ba01c18aa3833e1.wasm.flux_app_ui::ui::components::inspector::__Inspector::{{closure}}::{{closure}}::{{closure}}::h91afbab7ed092875 (http://localhost:1420/flux-app-ui-f2f8529d208ddf3c_bg.wasm:wasm-function[999]:0x9dc47)
    at flux_app_ui-2ba01c18aa3833e1.wasm.<core::pin::Pin<P> as core::future::future::Future>::poll::h0c269f489e63d77b (http://localhost:1420/flux-app-ui-f2f8529d208ddf3c_bg.wasm:wasm-function[5234]:0x152dd0)
    at flux_app_ui-2ba01c18aa3833e1.wasm.wasm_bindgen_futures::task::singlethread::Inner::is_ready::hce103fa316491728 (http://localhost:1420/flux-app-ui-f2f8529d208ddf3c_bg.wasm:wasm-function[3627]:0x125867)
    at flux_app_ui-2ba01c18aa3833e1.wasm.wasm_bindgen_futures::task::singlethread::Task::run::{{closure}}::h6443472ecc4aadd4 (http://localhost:1420/flux-app-ui-f2f8529d208ddf3c_bg.wasm:wasm-function[8899]:0x18ff63)
    at flux_app_ui-2ba01c18aa3833e1.wasm.wasm_bindgen::convert::closures::_::invoke::hd8f372fbd3ed4996 (http://localhost:1420/flux-app-ui-f2f8529d208ddf3c_bg.wasm:wasm-function[4024]:0x132344)
    at wasm_bindgen__convert__closures_____invoke__hd8f372fbd3ed4996 (http://localhost:1420/flux-app-ui-f2f8529d208ddf3c.js:721:22)
[   79330ms] TypeError: Cannot read properties of undefined (reading 'core')
    at __wbg_invoke_0d6dbea4af0851b6 (http://localhost:1420/flux-app-ui-f2f8529d208ddf3c.js:417:42)
    at flux_app_ui-2ba01c18aa3833e1.wasm.flux_app_ui::services::audio::invoke::{{closure}}::__wbg_invoke_0d6dbea4af0851b6::h4ba6893f51abc864 externref shim (http://localhost:1420/flux-app-ui-f2f8529d208ddf3c_bg.wasm:wasm-function[11733]:0x1ab1da)
    at flux_app_ui-2ba01c18aa3833e1.wasm.flux_app_ui::services::audio::invoke::{{closure}}::h920da0b246c98c89 (http://localhost:1420/flux-app-ui-f2f8529d208ddf3c_bg.wasm:wasm-function[567]:0x70544)
    at flux_app_ui-2ba01c18aa3833e1.wasm.flux_app_ui::services::audio::set_playback_state::{{closure}}::h9f271c159ef7fbc3 (http://localhost:1420/flux-app-ui-f2f8529d208ddf3c_bg.wasm:wasm-function[639]:0x791c0)
    at flux_app_ui-2ba01c18aa3833e1.wasm.flux_app_ui::ui::components::toolbar::__Toolbar::{{closure}}::{{closure}}::h39731483b7120fc1 (http://localhost:1420/flux-app-ui-f2f8529d208ddf3c_bg.wasm:wasm-function[1259]:0xb2bfa)
    at flux_app_ui-2ba01c18aa3833e1.wasm.<core::pin::Pin<P> as core::future::future::Future>::poll::h0c269f489e63d77b (http://localhost:1420/flux-app-ui-f2f8529d208ddf3c_bg.wasm:wasm-function[5234]:0x152dd0)
    at flux_app_ui-2ba01c18aa3833e1.wasm.wasm_bindgen_futures::task::singlethread::Inner::is_ready::hce103fa316491728 (http://localhost:1420/flux-app-ui-f2f8529d208ddf3c_bg.wasm:wasm-function[3627]:0x125867)
    at flux_app_ui-2ba01c18aa3833e1.wasm.wasm_bindgen_futures::task::singlethread::Task::run::{{closure}}::h6443472ecc4aadd4 (http://localhost:1420/flux-app-ui-f2f8529d208ddf3c_bg.wasm:wasm-function[8899]:0x18ff63)
    at flux_app_ui-2ba01c18aa3833e1.wasm.wasm_bindgen::convert::closures::_::invoke::hd8f372fbd3ed4996 (http://localhost:1420/flux-app-ui-f2f8529d208ddf3c_bg.wasm:wasm-function[4024]:0x132344)
    at wasm_bindgen__convert__closures_____invoke__hd8f372fbd3ed4996 (http://localhost:1420/flux-app-ui-f2f8529d208ddf3c.js:721:22)
[   80568ms] TypeError: Cannot read properties of undefined (reading 'core')
    at __wbg_invoke_0d6dbea4af0851b6 (http://localhost:1420/flux-app-ui-f2f8529d208ddf3c.js:417:42)
    at flux_app_ui-2ba01c18aa3833e1.wasm.flux_app_ui::services::audio::invoke::{{closure}}::__wbg_invoke_0d6dbea4af0851b6::h4ba6893f51abc864 externref shim (http://localhost:1420/flux-app-ui-f2f8529d208ddf3c_bg.wasm:wasm-function[11733]:0x1ab1da)
    at flux_app_ui-2ba01c18aa3833e1.wasm.flux_app_ui::services::audio::invoke::{{closure}}::h920da0b246c98c89 (http://localhost:1420/flux-app-ui-f2f8529d208ddf3c_bg.wasm:wasm-function[567]:0x70544)
    at flux_app_ui-2ba01c18aa3833e1.wasm.flux_app_ui::services::audio::set_playback_state::{{closure}}::h9f271c159ef7fbc3 (http://localhost:1420/flux-app-ui-f2f8529d208ddf3c_bg.wasm:wasm-function[639]:0x791c0)
    at flux_app_ui-2ba01c18aa3833e1.wasm.flux_app_ui::ui::components::toolbar::__Toolbar::{{closure}}::{{closure}}::h354a75729cd8d8d7 (http://localhost:1420/flux-app-ui-f2f8529d208ddf3c_bg.wasm:wasm-function[1258]:0xb2ac8)
    at flux_app_ui-2ba01c18aa3833e1.wasm.<core::pin::Pin<P> as core::future::future::Future>::poll::h0c269f489e63d77b (http://localhost:1420/flux-app-ui-f2f8529d208ddf3c_bg.wasm:wasm-function[5234]:0x152dd0)
    at flux_app_ui-2ba01c18aa3833e1.wasm.wasm_bindgen_futures::task::singlethread::Inner::is_ready::hce103fa316491728 (http://localhost:1420/flux-app-ui-f2f8529d208ddf3c_bg.wasm:wasm-function[3627]:0x125867)
    at flux_app_ui-2ba01c18aa3833e1.wasm.wasm_bindgen_futures::task::singlethread::Task::run::{{closure}}::h6443472ecc4aadd4 (http://localhost:1420/flux-app-ui-f2f8529d208ddf3c_bg.wasm:wasm-function[8899]:0x18ff63)
    at flux_app_ui-2ba01c18aa3833e1.wasm.wasm_bindgen::convert::closures::_::invoke::hd8f372fbd3ed4996 (http://localhost:1420/flux-app-ui-f2f8529d208ddf3c_bg.wasm:wasm-function[4024]:0x132344)
    at wasm_bindgen__convert__closures_____invoke__hd8f372fbd3ed4996 (http://localhost:1420/flux-app-ui-f2f8529d208ddf3c.js:721:22)
[   81085ms] TypeError: Cannot read properties of undefined (reading 'core')
    at __wbg_invoke_0d6dbea4af0851b6 (http://localhost:1420/flux-app-ui-f2f8529d208ddf3c.js:417:42)
    at flux_app_ui-2ba01c18aa3833e1.wasm.flux_app_ui::services::audio::invoke::{{closure}}::__wbg_invoke_0d6dbea4af0851b6::h4ba6893f51abc864 externref shim (http://localhost:1420/flux-app-ui-f2f8529d208ddf3c_bg.wasm:wasm-function[11733]:0x1ab1da)
    at flux_app_ui-2ba01c18aa3833e1.wasm.flux_app_ui::services::audio::invoke::{{closure}}::h920da0b246c98c89 (http://localhost:1420/flux-app-ui-f2f8529d208ddf3c_bg.wasm:wasm-function[567]:0x70544)
    at flux_app_ui-2ba01c18aa3833e1.wasm.flux_app_ui::services::audio::set_playback_state::{{closure}}::h9f271c159ef7fbc3 (http://localhost:1420/flux-app-ui-f2f8529d208ddf3c_bg.wasm:wasm-function[639]:0x791c0)
    at flux_app_ui-2ba01c18aa3833e1.wasm.flux_app_ui::ui::components::toolbar::__Toolbar::{{closure}}::{{closure}}::h39731483b7120fc1 (http://localhost:1420/flux-app-ui-f2f8529d208ddf3c_bg.wasm:wasm-function[1259]:0xb2bfa)
    at flux_app_ui-2ba01c18aa3833e1.wasm.<core::pin::Pin<P> as core::future::future::Future>::poll::h0c269f489e63d77b (http://localhost:1420/flux-app-ui-f2f8529d208ddf3c_bg.wasm:wasm-function[5234]:0x152dd0)
    at flux_app_ui-2ba01c18aa3833e1.wasm.wasm_bindgen_futures::task::singlethread::Inner::is_ready::hce103fa316491728 (http://localhost:1420/flux-app-ui-f2f8529d208ddf3c_bg.wasm:wasm-function[3627]:0x125867)
    at flux_app_ui-2ba01c18aa3833e1.wasm.wasm_bindgen_futures::task::singlethread::Task::run::{{closure}}::h6443472ecc4aadd4 (http://localhost:1420/flux-app-ui-f2f8529d208ddf3c_bg.wasm:wasm-function[8899]:0x18ff63)
    at flux_app_ui-2ba01c18aa3833e1.wasm.wasm_bindgen::convert::closures::_::invoke::hd8f372fbd3ed4996 (http://localhost:1420/flux-app-ui-f2f8529d208ddf3c_bg.wasm:wasm-function[4024]:0x132344)
    at wasm_bindgen__convert__closures_____invoke__hd8f372fbd3ed4996 (http://localhost:1420/flux-app-ui-f2f8529d208ddf3c.js:721:22)
[   81561ms] TypeError: Cannot read properties of undefined (reading 'core')
    at __wbg_invoke_0d6dbea4af0851b6 (http://localhost:1420/flux-app-ui-f2f8529d208ddf3c.js:417:42)
    at flux_app_ui-2ba01c18aa3833e1.wasm.flux_app_ui::services::audio::invoke::{{closure}}::__wbg_invoke_0d6dbea4af0851b6::h4ba6893f51abc864 externref shim (http://localhost:1420/flux-app-ui-f2f8529d208ddf3c_bg.wasm:wasm-function[11733]:0x1ab1da)
    at flux_app_ui-2ba01c18aa3833e1.wasm.flux_app_ui::services::audio::invoke::{{closure}}::h920da0b246c98c89 (http://localhost:1420/flux-app-ui-f2f8529d208ddf3c_bg.wasm:wasm-function[567]:0x70544)
    at flux_app_ui-2ba01c18aa3833e1.wasm.flux_app_ui::services::audio::set_playback_state::{{closure}}::h9f271c159ef7fbc3 (http://localhost:1420/flux-app-ui-f2f8529d208ddf3c_bg.wasm:wasm-function[639]:0x791c0)
    at flux_app_ui-2ba01c18aa3833e1.wasm.flux_app_ui::ui::components::toolbar::__Toolbar::{{closure}}::{{closure}}::h354a75729cd8d8d7 (http://localhost:1420/flux-app-ui-f2f8529d208ddf3c_bg.wasm:wasm-function[1258]:0xb2ac8)
    at flux_app_ui-2ba01c18aa3833e1.wasm.<core::pin::Pin<P> as core::future::future::Future>::poll::h0c269f489e63d77b (http://localhost:1420/flux-app-ui-f2f8529d208ddf3c_bg.wasm:wasm-function[5234]:0x152dd0)
    at flux_app_ui-2ba01c18aa3833e1.wasm.wasm_bindgen_futures::task::singlethread::Inner::is_ready::hce103fa316491728 (http://localhost:1420/flux-app-ui-f2f8529d208ddf3c_bg.wasm:wasm-function[3627]:0x125867)
    at flux_app_ui-2ba01c18aa3833e1.wasm.wasm_bindgen_futures::task::singlethread::Task::run::{{closure}}::h6443472ecc4aadd4 (http://localhost:1420/flux-app-ui-f2f8529d208ddf3c_bg.wasm:wasm-function[8899]:0x18ff63)
    at flux_app_ui-2ba01c18aa3833e1.wasm.wasm_bindgen::convert::closures::_::invoke::hd8f372fbd3ed4996 (http://localhost:1420/flux-app-ui-f2f8529d208ddf3c_bg.wasm:wasm-function[4024]:0x132344)
    at wasm_bindgen__convert__closures_____invoke__hd8f372fbd3ed4996 (http://localhost:1420/flux-app-ui-f2f8529d208ddf3c.js:721:22)
[  103093ms] TypeError: Cannot read properties of undefined (reading 'core')
    at __wbg_invoke_0d6dbea4af0851b6 (http://localhost:1420/flux-app-ui-f2f8529d208ddf3c.js:417:42)
    at flux_app_ui-2ba01c18aa3833e1.wasm.flux_app_ui::services::audio::invoke::{{closure}}::__wbg_invoke_0d6dbea4af0851b6::h4ba6893f51abc864 externref shim (http://localhost:1420/flux-app-ui-f2f8529d208ddf3c_bg.wasm:wasm-function[11733]:0x1ab1da)
    at flux_app_ui-2ba01c18aa3833e1.wasm.flux_app_ui::services::audio::invoke::{{closure}}::h920da0b246c98c89 (http://localhost:1420/flux-app-ui-f2f8529d208ddf3c_bg.wasm:wasm-function[567]:0x70544)
    at flux_app_ui-2ba01c18aa3833e1.wasm.flux_app_ui::services::audio::set_playback_state::{{closure}}::h9f271c159ef7fbc3 (http://localhost:1420/flux-app-ui-f2f8529d208ddf3c_bg.wasm:wasm-function[639]:0x791c0)
    at flux_app_ui-2ba01c18aa3833e1.wasm.flux_app_ui::ui::components::toolbar::__Toolbar::{{closure}}::{{closure}}::h39731483b7120fc1 (http://localhost:1420/flux-app-ui-f2f8529d208ddf3c_bg.wasm:wasm-function[1259]:0xb2bfa)
    at flux_app_ui-2ba01c18aa3833e1.wasm.<core::pin::Pin<P> as core::future::future::Future>::poll::h0c269f489e63d77b (http://localhost:1420/flux-app-ui-f2f8529d208ddf3c_bg.wasm:wasm-function[5234]:0x152dd0)
    at flux_app_ui-2ba01c18aa3833e1.wasm.wasm_bindgen_futures::task::singlethread::Inner::is_ready::hce103fa316491728 (http://localhost:1420/flux-app-ui-f2f8529d208ddf3c_bg.wasm:wasm-function[3627]:0x125867)
    at flux_app_ui-2ba01c18aa3833e1.wasm.wasm_bindgen_futures::task::singlethread::Task::run::{{closure}}::h6443472ecc4aadd4 (http://localhost:1420/flux-app-ui-f2f8529d208ddf3c_bg.wasm:wasm-function[8899]:0x18ff63)
    at flux_app_ui-2ba01c18aa3833e1.wasm.wasm_bindgen::convert::closures::_::invoke::hd8f372fbd3ed4996 (http://localhost:1420/flux-app-ui-f2f8529d208ddf3c_bg.wasm:wasm-function[4024]:0x132344)
    at wasm_bindgen__convert__closures_____invoke__hd8f372fbd3ed4996 (http://localhost:1420/flux-app-ui-f2f8529d208ddf3c.js:721:22)
[  177626ms] [WARNING] The `integrity` attribute is currently ignored for preload destinations that do not support subresource integrity. See https://crbug.com/981419 for more information @ http://localhost:1420/:19
[  177672ms] TypeError: Cannot read properties of undefined (reading 'event')
    at __wbg_listen_7ec0e95d762a13a2 (http://localhost:1420/flux-app-ui-f2f8529d208ddf3c.js:452:42)
    at flux_app_ui-2ba01c18aa3833e1.wasm.flux_app_ui::ui::tauri::listen::{{closure}}::__wbg_listen_7ec0e95d762a13a2::h079d71af2af22c4d externref shim (http://localhost:1420/flux-app-ui-f2f8529d208ddf3c_bg.wasm:wasm-function[11921]:0x1ac69a)
    at flux_app_ui-2ba01c18aa3833e1.wasm.flux_app_ui::ui::tauri::listen::{{closure}}::h5d901305d455d81f (http://localhost:1420/flux-app-ui-f2f8529d208ddf3c_bg.wasm:wasm-function[573]:0x71227)
    at flux_app_ui-2ba01c18aa3833e1.wasm.flux_app_ui::ui::tauri::listen_event::{{closure}}::h7cb5cff8e3c3ed5c (http://localhost:1420/flux-app-ui-f2f8529d208ddf3c_bg.wasm:wasm-function[443]:0x5ee63)
    at flux_app_ui-2ba01c18aa3833e1.wasm.flux_app_ui::app::__App::{{closure}}::{{closure}}::h8ca10082219cf886 (http://localhost:1420/flux-app-ui-f2f8529d208ddf3c_bg.wasm:wasm-function[531]:0x6ba5f)
    at flux_app_ui-2ba01c18aa3833e1.wasm.<core::pin::Pin<P> as core::future::future::Future>::poll::h0c269f489e63d77b (http://localhost:1420/flux-app-ui-f2f8529d208ddf3c_bg.wasm:wasm-function[5234]:0x152dd0)
    at flux_app_ui-2ba01c18aa3833e1.wasm.wasm_bindgen_futures::task::singlethread::Inner::is_ready::hce103fa316491728 (http://localhost:1420/flux-app-ui-f2f8529d208ddf3c_bg.wasm:wasm-function[3627]:0x125867)
    at flux_app_ui-2ba01c18aa3833e1.wasm.wasm_bindgen_futures::task::singlethread::Task::run::{{closure}}::h6443472ecc4aadd4 (http://localhost:1420/flux-app-ui-f2f8529d208ddf3c_bg.wasm:wasm-function[8899]:0x18ff63)
    at flux_app_ui-2ba01c18aa3833e1.wasm.wasm_bindgen::convert::closures::_::invoke::hd8f372fbd3ed4996 (http://localhost:1420/flux-app-ui-f2f8529d208ddf3c_bg.wasm:wasm-function[4024]:0x132344)
    at wasm_bindgen__convert__closures_____invoke__hd8f372fbd3ed4996 (http://localhost:1420/flux-app-ui-f2f8529d208ddf3c.js:721:22)
[  211451ms] [WARNING] The `integrity` attribute is currently ignored for preload destinations that do not support subresource integrity. See https://crbug.com/981419 for more information @ http://localhost:1420/:19
[  211490ms] TypeError: Cannot read properties of undefined (reading 'event')
    at __wbg_listen_7ec0e95d762a13a2 (http://localhost:1420/flux-app-ui-f2f8529d208ddf3c.js:452:42)
    at flux_app_ui-2ba01c18aa3833e1.wasm.flux_app_ui::ui::tauri::listen::{{closure}}::__wbg_listen_7ec0e95d762a13a2::h079d71af2af22c4d externref shim (http://localhost:1420/flux-app-ui-f2f8529d208ddf3c_bg.wasm:wasm-function[11921]:0x1ac69a)
    at flux_app_ui-2ba01c18aa3833e1.wasm.flux_app_ui::ui::tauri::listen::{{closure}}::h5d901305d455d81f (http://localhost:1420/flux-app-ui-f2f8529d208ddf3c_bg.wasm:wasm-function[573]:0x71227)
    at flux_app_ui-2ba01c18aa3833e1.wasm.flux_app_ui::ui::tauri::listen_event::{{closure}}::h7cb5cff8e3c3ed5c (http://localhost:1420/flux-app-ui-f2f8529d208ddf3c_bg.wasm:wasm-function[443]:0x5ee63)
    at flux_app_ui-2ba01c18aa3833e1.wasm.flux_app_ui::app::__App::{{closure}}::{{closure}}::h8ca10082219cf886 (http://localhost:1420/flux-app-ui-f2f8529d208ddf3c_bg.wasm:wasm-function[531]:0x6ba5f)
    at flux_app_ui-2ba01c18aa3833e1.wasm.<core::pin::Pin<P> as core::future::future::Future>::poll::h0c269f489e63d77b (http://localhost:1420/flux-app-ui-f2f8529d208ddf3c_bg.wasm:wasm-function[5234]:0x152dd0)
    at flux_app_ui-2ba01c18aa3833e1.wasm.wasm_bindgen_futures::task::singlethread::Inner::is_ready::hce103fa316491728 (http://localhost:1420/flux-app-ui-f2f8529d208ddf3c_bg.wasm:wasm-function[3627]:0x125867)
    at flux_app_ui-2ba01c18aa3833e1.wasm.wasm_bindgen_futures::task::singlethread::Task::run::{{closure}}::h6443472ecc4aadd4 (http://localhost:1420/flux-app-ui-f2f8529d208ddf3c_bg.wasm:wasm-function[8899]:0x18ff63)
    at flux_app_ui-2ba01c18aa3833e1.wasm.wasm_bindgen::convert::closures::_::invoke::hd8f372fbd3ed4996 (http://localhost:1420/flux-app-ui-f2f8529d208ddf3c_bg.wasm:wasm-function[4024]:0x132344)
    at wasm_bindgen__convert__closures_____invoke__hd8f372fbd3ed4996 (http://localhost:1420/flux-app-ui-f2f8529d208ddf3c.js:721:22)
[  226125ms] [WARNING] The `integrity` attribute is currently ignored for preload destinations that do not support subresource integrity. See https://crbug.com/981419 for more information @ http://localhost:1420/:19
[  226210ms] TypeError: Cannot read properties of undefined (reading 'event')
    at __wbg_listen_7ec0e95d762a13a2 (http://localhost:1420/flux-app-ui-f2f8529d208ddf3c.js:452:42)
    at flux_app_ui-2ba01c18aa3833e1.wasm.flux_app_ui::ui::tauri::listen::{{closure}}::__wbg_listen_7ec0e95d762a13a2::h079d71af2af22c4d externref shim (http://localhost:1420/flux-app-ui-f2f8529d208ddf3c_bg.wasm:wasm-function[11921]:0x1ac69a)
    at flux_app_ui-2ba01c18aa3833e1.wasm.flux_app_ui::ui::tauri::listen::{{closure}}::h5d901305d455d81f (http://localhost:1420/flux-app-ui-f2f8529d208ddf3c_bg.wasm:wasm-function[573]:0x71227)
    at flux_app_ui-2ba01c18aa3833e1.wasm.flux_app_ui::ui::tauri::listen_event::{{closure}}::h7cb5cff8e3c3ed5c (http://localhost:1420/flux-app-ui-f2f8529d208ddf3c_bg.wasm:wasm-function[443]:0x5ee63)
    at flux_app_ui-2ba01c18aa3833e1.wasm.flux_app_ui::app::__App::{{closure}}::{{closure}}::h8ca10082219cf886 (http://localhost:1420/flux-app-ui-f2f8529d208ddf3c_bg.wasm:wasm-function[531]:0x6ba5f)
    at flux_app_ui-2ba01c18aa3833e1.wasm.<core::pin::Pin<P> as core::future::future::Future>::poll::h0c269f489e63d77b (http://localhost:1420/flux-app-ui-f2f8529d208ddf3c_bg.wasm:wasm-function[5234]:0x152dd0)
    at flux_app_ui-2ba01c18aa3833e1.wasm.wasm_bindgen_futures::task::singlethread::Inner::is_ready::hce103fa316491728 (http://localhost:1420/flux-app-ui-f2f8529d208ddf3c_bg.wasm:wasm-function[3627]:0x125867)
    at flux_app_ui-2ba01c18aa3833e1.wasm.wasm_bindgen_futures::task::singlethread::Task::run::{{closure}}::h6443472ecc4aadd4 (http://localhost:1420/flux-app-ui-f2f8529d208ddf3c_bg.wasm:wasm-function[8899]:0x18ff63)
    at flux_app_ui-2ba01c18aa3833e1.wasm.wasm_bindgen::convert::closures::_::invoke::hd8f372fbd3ed4996 (http://localhost:1420/flux-app-ui-f2f8529d208ddf3c_bg.wasm:wasm-function[4024]:0x132344)
    at wasm_bindgen__convert__closures_____invoke__hd8f372fbd3ed4996 (http://localhost:1420/flux-app-ui-f2f8529d208ddf3c.js:721:22)
[  227880ms] [WARNING] The `integrity` attribute is currently ignored for preload destinations that do not support subresource integrity. See https://crbug.com/981419 for more information @ http://localhost:1420/:19
[  227943ms] TypeError: Cannot read properties of undefined (reading 'event')
    at __wbg_listen_7ec0e95d762a13a2 (http://localhost:1420/flux-app-ui-f2f8529d208ddf3c.js:452:42)
    at flux_app_ui-2ba01c18aa3833e1.wasm.flux_app_ui::ui::tauri::listen::{{closure}}::__wbg_listen_7ec0e95d762a13a2::h079d71af2af22c4d externref shim (http://localhost:1420/flux-app-ui-f2f8529d208ddf3c_bg.wasm:wasm-function[11921]:0x1ac69a)
    at flux_app_ui-2ba01c18aa3833e1.wasm.flux_app_ui::ui::tauri::listen::{{closure}}::h5d901305d455d81f (http://localhost:1420/flux-app-ui-f2f8529d208ddf3c_bg.wasm:wasm-function[573]:0x71227)
    at flux_app_ui-2ba01c18aa3833e1.wasm.flux_app_ui::ui::tauri::listen_event::{{closure}}::h7cb5cff8e3c3ed5c (http://localhost:1420/flux-app-ui-f2f8529d208ddf3c_bg.wasm:wasm-function[443]:0x5ee63)
    at flux_app_ui-2ba01c18aa3833e1.wasm.flux_app_ui::app::__App::{{closure}}::{{closure}}::h8ca10082219cf886 (http://localhost:1420/flux-app-ui-f2f8529d208ddf3c_bg.wasm:wasm-function[531]:0x6ba5f)
    at flux_app_ui-2ba01c18aa3833e1.wasm.<core::pin::Pin<P> as core::future::future::Future>::poll::h0c269f489e63d77b (http://localhost:1420/flux-app-ui-f2f8529d208ddf3c_bg.wasm:wasm-function[5234]:0x152dd0)
    at flux_app_ui-2ba01c18aa3833e1.wasm.wasm_bindgen_futures::task::singlethread::Inner::is_ready::hce103fa316491728 (http://localhost:1420/flux-app-ui-f2f8529d208ddf3c_bg.wasm:wasm-function[3627]:0x125867)
    at flux_app_ui-2ba01c18aa3833e1.wasm.wasm_bindgen_futures::task::singlethread::Task::run::{{closure}}::h6443472ecc4aadd4 (http://localhost:1420/flux-app-ui-f2f8529d208ddf3c_bg.wasm:wasm-function[8899]:0x18ff63)
    at flux_app_ui-2ba01c18aa3833e1.wasm.wasm_bindgen::convert::closures::_::invoke::hd8f372fbd3ed4996 (http://localhost:1420/flux-app-ui-f2f8529d208ddf3c_bg.wasm:wasm-function[4024]:0x132344)
    at wasm_bindgen__convert__closures_____invoke__hd8f372fbd3ed4996 (http://localhost:1420/flux-app-ui-f2f8529d208ddf3c.js:721:22)
[  355100ms] [WARNING] The `integrity` attribute is currently ignored for preload destinations that do not support subresource integrity. See https://crbug.com/981419 for more information @ http://localhost:1420/:19
[  355164ms] TypeError: Cannot read properties of undefined (reading 'event')
    at __wbg_listen_7ec0e95d762a13a2 (http://localhost:1420/flux-app-ui-f2f8529d208ddf3c.js:452:42)
    at flux_app_ui-2ba01c18aa3833e1.wasm.flux_app_ui::ui::tauri::listen::{{closure}}::__wbg_listen_7ec0e95d762a13a2::h079d71af2af22c4d externref shim (http://localhost:1420/flux-app-ui-f2f8529d208ddf3c_bg.wasm:wasm-function[11921]:0x1ac69a)
    at flux_app_ui-2ba01c18aa3833e1.wasm.flux_app_ui::ui::tauri::listen::{{closure}}::h5d901305d455d81f (http://localhost:1420/flux-app-ui-f2f8529d208ddf3c_bg.wasm:wasm-function[573]:0x71227)
    at flux_app_ui-2ba01c18aa3833e1.wasm.flux_app_ui::ui::tauri::listen_event::{{closure}}::h7cb5cff8e3c3ed5c (http://localhost:1420/flux-app-ui-f2f8529d208ddf3c_bg.wasm:wasm-function[443]:0x5ee63)
    at flux_app_ui-2ba01c18aa3833e1.wasm.flux_app_ui::app::__App::{{closure}}::{{closure}}::h8ca10082219cf886 (http://localhost:1420/flux-app-ui-f2f8529d208ddf3c_bg.wasm:wasm-function[531]:0x6ba5f)
    at flux_app_ui-2ba01c18aa3833e1.wasm.<core::pin::Pin<P> as core::future::future::Future>::poll::h0c269f489e63d77b (http://localhost:1420/flux-app-ui-f2f8529d208ddf3c_bg.wasm:wasm-function[5234]:0x152dd0)
    at flux_app_ui-2ba01c18aa3833e1.wasm.wasm_bindgen_futures::task::singlethread::Inner::is_ready::hce103fa316491728 (http://localhost:1420/flux-app-ui-f2f8529d208ddf3c_bg.wasm:wasm-function[3627]:0x125867)
    at flux_app_ui-2ba01c18aa3833e1.wasm.wasm_bindgen_futures::task::singlethread::Task::run::{{closure}}::h6443472ecc4aadd4 (http://localhost:1420/flux-app-ui-f2f8529d208ddf3c_bg.wasm:wasm-function[8899]:0x18ff63)
    at flux_app_ui-2ba01c18aa3833e1.wasm.wasm_bindgen::convert::closures::_::invoke::hd8f372fbd3ed4996 (http://localhost:1420/flux-app-ui-f2f8529d208ddf3c_bg.wasm:wasm-function[4024]:0x132344)
    at wasm_bindgen__convert__closures_____invoke__hd8f372fbd3ed4996 (http://localhost:1420/flux-app-ui-f2f8529d208ddf3c.js:721:22)
[  356148ms] [WARNING] The `integrity` attribute is currently ignored for preload destinations that do not support subresource integrity. See https://crbug.com/981419 for more information @ http://localhost:1420/:19
[  356180ms] TypeError: Cannot read properties of undefined (reading 'event')
    at __wbg_listen_7ec0e95d762a13a2 (http://localhost:1420/flux-app-ui-f2f8529d208ddf3c.js:452:42)
    at flux_app_ui-2ba01c18aa3833e1.wasm.flux_app_ui::ui::tauri::listen::{{closure}}::__wbg_listen_7ec0e95d762a13a2::h079d71af2af22c4d externref shim (http://localhost:1420/flux-app-ui-f2f8529d208ddf3c_bg.wasm:wasm-function[11921]:0x1ac69a)
    at flux_app_ui-2ba01c18aa3833e1.wasm.flux_app_ui::ui::tauri::listen::{{closure}}::h5d901305d455d81f (http://localhost:1420/flux-app-ui-f2f8529d208ddf3c_bg.wasm:wasm-function[573]:0x71227)
    at flux_app_ui-2ba01c18aa3833e1.wasm.flux_app_ui::ui::tauri::listen_event::{{closure}}::h7cb5cff8e3c3ed5c (http://localhost:1420/flux-app-ui-f2f8529d208ddf3c_bg.wasm:wasm-function[443]:0x5ee63)
    at flux_app_ui-2ba01c18aa3833e1.wasm.flux_app_ui::app::__App::{{closure}}::{{closure}}::h8ca10082219cf886 (http://localhost:1420/flux-app-ui-f2f8529d208ddf3c_bg.wasm:wasm-function[531]:0x6ba5f)
    at flux_app_ui-2ba01c18aa3833e1.wasm.<core::pin::Pin<P> as core::future::future::Future>::poll::h0c269f489e63d77b (http://localhost:1420/flux-app-ui-f2f8529d208ddf3c_bg.wasm:wasm-function[5234]:0x152dd0)
    at flux_app_ui-2ba01c18aa3833e1.wasm.wasm_bindgen_futures::task::singlethread::Inner::is_ready::hce103fa316491728 (http://localhost:1420/flux-app-ui-f2f8529d208ddf3c_bg.wasm:wasm-function[3627]:0x125867)
    at flux_app_ui-2ba01c18aa3833e1.wasm.wasm_bindgen_futures::task::singlethread::Task::run::{{closure}}::h6443472ecc4aadd4 (http://localhost:1420/flux-app-ui-f2f8529d208ddf3c_bg.wasm:wasm-function[8899]:0x18ff63)
    at flux_app_ui-2ba01c18aa3833e1.wasm.wasm_bindgen::convert::closures::_::invoke::hd8f372fbd3ed4996 (http://localhost:1420/flux-app-ui-f2f8529d208ddf3c_bg.wasm:wasm-function[4024]:0x132344)
    at wasm_bindgen__convert__closures_____invoke__hd8f372fbd3ed4996 (http://localhost:1420/flux-app-ui-f2f8529d208ddf3c.js:721:22)
[  599561ms] [WARNING] The `integrity` attribute is currently ignored for preload destinations that do not support subresource integrity. See https://crbug.com/981419 for more information @ http://localhost:1420/:19
[  599623ms] TypeError: Cannot read properties of undefined (reading 'event')
    at __wbg_listen_7ec0e95d762a13a2 (http://localhost:1420/flux-app-ui-f2f8529d208ddf3c.js:452:42)
    at flux_app_ui-2ba01c18aa3833e1.wasm.flux_app_ui::ui::tauri::listen::{{closure}}::__wbg_listen_7ec0e95d762a13a2::h079d71af2af22c4d externref shim (http://localhost:1420/flux-app-ui-f2f8529d208ddf3c_bg.wasm:wasm-function[11921]:0x1ac69a)
    at flux_app_ui-2ba01c18aa3833e1.wasm.flux_app_ui::ui::tauri::listen::{{closure}}::h5d901305d455d81f (http://localhost:1420/flux-app-ui-f2f8529d208ddf3c_bg.wasm:wasm-function[573]:0x71227)
    at flux_app_ui-2ba01c18aa3833e1.wasm.flux_app_ui::ui::tauri::listen_event::{{closure}}::h7cb5cff8e3c3ed5c (http://localhost:1420/flux-app-ui-f2f8529d208ddf3c_bg.wasm:wasm-function[443]:0x5ee63)
    at flux_app_ui-2ba01c18aa3833e1.wasm.flux_app_ui::app::__App::{{closure}}::{{closure}}::h8ca10082219cf886 (http://localhost:1420/flux-app-ui-f2f8529d208ddf3c_bg.wasm:wasm-function[531]:0x6ba5f)
    at flux_app_ui-2ba01c18aa3833e1.wasm.<core::pin::Pin<P> as core::future::future::Future>::poll::h0c269f489e63d77b (http://localhost:1420/flux-app-ui-f2f8529d208ddf3c_bg.wasm:wasm-function[5234]:0x152dd0)
    at flux_app_ui-2ba01c18aa3833e1.wasm.wasm_bindgen_futures::task::singlethread::Inner::is_ready::hce103fa316491728 (http://localhost:1420/flux-app-ui-f2f8529d208ddf3c_bg.wasm:wasm-function[3627]:0x125867)
    at flux_app_ui-2ba01c18aa3833e1.wasm.wasm_bindgen_futures::task::singlethread::Task::run::{{closure}}::h6443472ecc4aadd4 (http://localhost:1420/flux-app-ui-f2f8529d208ddf3c_bg.wasm:wasm-function[8899]:0x18ff63)
    at flux_app_ui-2ba01c18aa3833e1.wasm.wasm_bindgen::convert::closures::_::invoke::hd8f372fbd3ed4996 (http://localhost:1420/flux-app-ui-f2f8529d208ddf3c_bg.wasm:wasm-function[4024]:0x132344)
    at wasm_bindgen__convert__closures_____invoke__hd8f372fbd3ed4996 (http://localhost:1420/flux-app-ui-f2f8529d208ddf3c.js:721:22)
[  602338ms] [WARNING] The `integrity` attribute is currently ignored for preload destinations that do not support subresource integrity. See https://crbug.com/981419 for more information @ http://localhost:1420/:19
[  602387ms] TypeError: Cannot read properties of undefined (reading 'event')
    at __wbg_listen_7ec0e95d762a13a2 (http://localhost:1420/flux-app-ui-f2f8529d208ddf3c.js:452:42)
    at flux_app_ui-2ba01c18aa3833e1.wasm.flux_app_ui::ui::tauri::listen::{{closure}}::__wbg_listen_7ec0e95d762a13a2::h079d71af2af22c4d externref shim (http://localhost:1420/flux-app-ui-f2f8529d208ddf3c_bg.wasm:wasm-function[11921]:0x1ac69a)
    at flux_app_ui-2ba01c18aa3833e1.wasm.flux_app_ui::ui::tauri::listen::{{closure}}::h5d901305d455d81f (http://localhost:1420/flux-app-ui-f2f8529d208ddf3c_bg.wasm:wasm-function[573]:0x71227)
    at flux_app_ui-2ba01c18aa3833e1.wasm.flux_app_ui::ui::tauri::listen_event::{{closure}}::h7cb5cff8e3c3ed5c (http://localhost:1420/flux-app-ui-f2f8529d208ddf3c_bg.wasm:wasm-function[443]:0x5ee63)
    at flux_app_ui-2ba01c18aa3833e1.wasm.flux_app_ui::app::__App::{{closure}}::{{closure}}::h8ca10082219cf886 (http://localhost:1420/flux-app-ui-f2f8529d208ddf3c_bg.wasm:wasm-function[531]:0x6ba5f)
    at flux_app_ui-2ba01c18aa3833e1.wasm.<core::pin::Pin<P> as core::future::future::Future>::poll::h0c269f489e63d77b (http://localhost:1420/flux-app-ui-f2f8529d208ddf3c_bg.wasm:wasm-function[5234]:0x152dd0)
    at flux_app_ui-2ba01c18aa3833e1.wasm.wasm_bindgen_futures::task::singlethread::Inner::is_ready::hce103fa316491728 (http://localhost:1420/flux-app-ui-f2f8529d208ddf3c_bg.wasm:wasm-function[3627]:0x125867)
    at flux_app_ui-2ba01c18aa3833e1.wasm.wasm_bindgen_futures::task::singlethread::Task::run::{{closure}}::h6443472ecc4aadd4 (http://localhost:1420/flux-app-ui-f2f8529d208ddf3c_bg.wasm:wasm-function[8899]:0x18ff63)
    at flux_app_ui-2ba01c18aa3833e1.wasm.wasm_bindgen::convert::closures::_::invoke::hd8f372fbd3ed4996 (http://localhost:1420/flux-app-ui-f2f8529d208ddf3c_bg.wasm:wasm-function[4024]:0x132344)
    at wasm_bindgen__convert__closures_____invoke__hd8f372fbd3ed4996 (http://localhost:1420/flux-app-ui-f2f8529d208ddf3c.js:721:22)
[  606232ms] [WARNING] The `integrity` attribute is currently ignored for preload destinations that do not support subresource integrity. See https://crbug.com/981419 for more information @ http://localhost:1420/:19
[  606277ms] TypeError: Cannot read properties of undefined (reading 'event')
    at __wbg_listen_7ec0e95d762a13a2 (http://localhost:1420/flux-app-ui-f2f8529d208ddf3c.js:452:42)
    at flux_app_ui-2ba01c18aa3833e1.wasm.flux_app_ui::ui::tauri::listen::{{closure}}::__wbg_listen_7ec0e95d762a13a2::h079d71af2af22c4d externref shim (http://localhost:1420/flux-app-ui-f2f8529d208ddf3c_bg.wasm:wasm-function[11921]:0x1ac69a)
    at flux_app_ui-2ba01c18aa3833e1.wasm.flux_app_ui::ui::tauri::listen::{{closure}}::h5d901305d455d81f (http://localhost:1420/flux-app-ui-f2f8529d208ddf3c_bg.wasm:wasm-function[573]:0x71227)
    at flux_app_ui-2ba01c18aa3833e1.wasm.flux_app_ui::ui::tauri::listen_event::{{closure}}::h7cb5cff8e3c3ed5c (http://localhost:1420/flux-app-ui-f2f8529d208ddf3c_bg.wasm:wasm-function[443]:0x5ee63)
    at flux_app_ui-2ba01c18aa3833e1.wasm.flux_app_ui::app::__App::{{closure}}::{{closure}}::h8ca10082219cf886 (http://localhost:1420/flux-app-ui-f2f8529d208ddf3c_bg.wasm:wasm-function[531]:0x6ba5f)
    at flux_app_ui-2ba01c18aa3833e1.wasm.<core::pin::Pin<P> as core::future::future::Future>::poll::h0c269f489e63d77b (http://localhost:1420/flux-app-ui-f2f8529d208ddf3c_bg.wasm:wasm-function[5234]:0x152dd0)
    at flux_app_ui-2ba01c18aa3833e1.wasm.wasm_bindgen_futures::task::singlethread::Inner::is_ready::hce103fa316491728 (http://localhost:1420/flux-app-ui-f2f8529d208ddf3c_bg.wasm:wasm-function[3627]:0x125867)
    at flux_app_ui-2ba01c18aa3833e1.wasm.wasm_bindgen_futures::task::singlethread::Task::run::{{closure}}::h6443472ecc4aadd4 (http://localhost:1420/flux-app-ui-f2f8529d208ddf3c_bg.wasm:wasm-function[8899]:0x18ff63)
    at flux_app_ui-2ba01c18aa3833e1.wasm.wasm_bindgen::convert::closures::_::invoke::hd8f372fbd3ed4996 (http://localhost:1420/flux-app-ui-f2f8529d208ddf3c_bg.wasm:wasm-function[4024]:0x132344)
    at wasm_bindgen__convert__closures_____invoke__hd8f372fbd3ed4996 (http://localhost:1420/flux-app-ui-f2f8529d208ddf3c.js:721:22)
[  607529ms] [WARNING] The `integrity` attribute is currently ignored for preload destinations that do not support subresource integrity. See https://crbug.com/981419 for more information @ http://localhost:1420/:19
[  607562ms] TypeError: Cannot read properties of undefined (reading 'event')
    at __wbg_listen_7ec0e95d762a13a2 (http://localhost:1420/flux-app-ui-f2f8529d208ddf3c.js:452:42)
    at flux_app_ui-2ba01c18aa3833e1.wasm.flux_app_ui::ui::tauri::listen::{{closure}}::__wbg_listen_7ec0e95d762a13a2::h079d71af2af22c4d externref shim (http://localhost:1420/flux-app-ui-f2f8529d208ddf3c_bg.wasm:wasm-function[11921]:0x1ac69a)
    at flux_app_ui-2ba01c18aa3833e1.wasm.flux_app_ui::ui::tauri::listen::{{closure}}::h5d901305d455d81f (http://localhost:1420/flux-app-ui-f2f8529d208ddf3c_bg.wasm:wasm-function[573]:0x71227)
    at flux_app_ui-2ba01c18aa3833e1.wasm.flux_app_ui::ui::tauri::listen_event::{{closure}}::h7cb5cff8e3c3ed5c (http://localhost:1420/flux-app-ui-f2f8529d208ddf3c_bg.wasm:wasm-function[443]:0x5ee63)
    at flux_app_ui-2ba01c18aa3833e1.wasm.flux_app_ui::app::__App::{{closure}}::{{closure}}::h8ca10082219cf886 (http://localhost:1420/flux-app-ui-f2f8529d208ddf3c_bg.wasm:wasm-function[531]:0x6ba5f)
    at flux_app_ui-2ba01c18aa3833e1.wasm.<core::pin::Pin<P> as core::future::future::Future>::poll::h0c269f489e63d77b (http://localhost:1420/flux-app-ui-f2f8529d208ddf3c_bg.wasm:wasm-function[5234]:0x152dd0)
    at flux_app_ui-2ba01c18aa3833e1.wasm.wasm_bindgen_futures::task::singlethread::Inner::is_ready::hce103fa316491728 (http://localhost:1420/flux-app-ui-f2f8529d208ddf3c_bg.wasm:wasm-function[3627]:0x125867)
    at flux_app_ui-2ba01c18aa3833e1.wasm.wasm_bindgen_futures::task::singlethread::Task::run::{{closure}}::h6443472ecc4aadd4 (http://localhost:1420/flux-app-ui-f2f8529d208ddf3c_bg.wasm:wasm-function[8899]:0x18ff63)
    at flux_app_ui-2ba01c18aa3833e1.wasm.wasm_bindgen::convert::closures::_::invoke::hd8f372fbd3ed4996 (http://localhost:1420/flux-app-ui-f2f8529d208ddf3c_bg.wasm:wasm-function[4024]:0x132344)
    at wasm_bindgen__convert__closures_____invoke__hd8f372fbd3ed4996 (http://localhost:1420/flux-app-ui-f2f8529d208ddf3c.js:721:22)
[  611200ms] [WARNING] The `integrity` attribute is currently ignored for preload destinations that do not support subresource integrity. See https://crbug.com/981419 for more information @ http://localhost:1420/:19
[  611237ms] TypeError: Cannot read properties of undefined (reading 'event')
    at __wbg_listen_7ec0e95d762a13a2 (http://localhost:1420/flux-app-ui-f2f8529d208ddf3c.js:452:42)
    at flux_app_ui-2ba01c18aa3833e1.wasm.flux_app_ui::ui::tauri::listen::{{closure}}::__wbg_listen_7ec0e95d762a13a2::h079d71af2af22c4d externref shim (http://localhost:1420/flux-app-ui-f2f8529d208ddf3c_bg.wasm:wasm-function[11921]:0x1ac69a)
    at flux_app_ui-2ba01c18aa3833e1.wasm.flux_app_ui::ui::tauri::listen::{{closure}}::h5d901305d455d81f (http://localhost:1420/flux-app-ui-f2f8529d208ddf3c_bg.wasm:wasm-function[573]:0x71227)
    at flux_app_ui-2ba01c18aa3833e1.wasm.flux_app_ui::ui::tauri::listen_event::{{closure}}::h7cb5cff8e3c3ed5c (http://localhost:1420/flux-app-ui-f2f8529d208ddf3c_bg.wasm:wasm-function[443]:0x5ee63)
    at flux_app_ui-2ba01c18aa3833e1.wasm.flux_app_ui::app::__App::{{closure}}::{{closure}}::h8ca10082219cf886 (http://localhost:1420/flux-app-ui-f2f8529d208ddf3c_bg.wasm:wasm-function[531]:0x6ba5f)
    at flux_app_ui-2ba01c18aa3833e1.wasm.<core::pin::Pin<P> as core::future::future::Future>::poll::h0c269f489e63d77b (http://localhost:1420/flux-app-ui-f2f8529d208ddf3c_bg.wasm:wasm-function[5234]:0x152dd0)
    at flux_app_ui-2ba01c18aa3833e1.wasm.wasm_bindgen_futures::task::singlethread::Inner::is_ready::hce103fa316491728 (http://localhost:1420/flux-app-ui-f2f8529d208ddf3c_bg.wasm:wasm-function[3627]:0x125867)
    at flux_app_ui-2ba01c18aa3833e1.wasm.wasm_bindgen_futures::task::singlethread::Task::run::{{closure}}::h6443472ecc4aadd4 (http://localhost:1420/flux-app-ui-f2f8529d208ddf3c_bg.wasm:wasm-function[8899]:0x18ff63)
    at flux_app_ui-2ba01c18aa3833e1.wasm.wasm_bindgen::convert::closures::_::invoke::hd8f372fbd3ed4996 (http://localhost:1420/flux-app-ui-f2f8529d208ddf3c_bg.wasm:wasm-function[4024]:0x132344)
    at wasm_bindgen__convert__closures_____invoke__hd8f372fbd3ed4996 (http://localhost:1420/flux-app-ui-f2f8529d208ddf3c.js:721:22)
[  612492ms] [WARNING] The `integrity` attribute is currently ignored for preload destinations that do not support subresource integrity. See https://crbug.com/981419 for more information @ http://localhost:1420/:19
[  612514ms] TypeError: Cannot read properties of undefined (reading 'event')
    at __wbg_listen_7ec0e95d762a13a2 (http://localhost:1420/flux-app-ui-f2f8529d208ddf3c.js:452:42)
    at flux_app_ui-2ba01c18aa3833e1.wasm.flux_app_ui::ui::tauri::listen::{{closure}}::__wbg_listen_7ec0e95d762a13a2::h079d71af2af22c4d externref shim (http://localhost:1420/flux-app-ui-f2f8529d208ddf3c_bg.wasm:wasm-function[11921]:0x1ac69a)
    at flux_app_ui-2ba01c18aa3833e1.wasm.flux_app_ui::ui::tauri::listen::{{closure}}::h5d901305d455d81f (http://localhost:1420/flux-app-ui-f2f8529d208ddf3c_bg.wasm:wasm-function[573]:0x71227)
    at flux_app_ui-2ba01c18aa3833e1.wasm.flux_app_ui::ui::tauri::listen_event::{{closure}}::h7cb5cff8e3c3ed5c (http://localhost:1420/flux-app-ui-f2f8529d208ddf3c_bg.wasm:wasm-function[443]:0x5ee63)
    at flux_app_ui-2ba01c18aa3833e1.wasm.flux_app_ui::app::__App::{{closure}}::{{closure}}::h8ca10082219cf886 (http://localhost:1420/flux-app-ui-f2f8529d208ddf3c_bg.wasm:wasm-function[531]:0x6ba5f)
    at flux_app_ui-2ba01c18aa3833e1.wasm.<core::pin::Pin<P> as core::future::future::Future>::poll::h0c269f489e63d77b (http://localhost:1420/flux-app-ui-f2f8529d208ddf3c_bg.wasm:wasm-function[5234]:0x152dd0)
    at flux_app_ui-2ba01c18aa3833e1.wasm.wasm_bindgen_futures::task::singlethread::Inner::is_ready::hce103fa316491728 (http://localhost:1420/flux-app-ui-f2f8529d208ddf3c_bg.wasm:wasm-function[3627]:0x125867)
    at flux_app_ui-2ba01c18aa3833e1.wasm.wasm_bindgen_futures::task::singlethread::Task::run::{{closure}}::h6443472ecc4aadd4 (http://localhost:1420/flux-app-ui-f2f8529d208ddf3c_bg.wasm:wasm-function[8899]:0x18ff63)
    at flux_app_ui-2ba01c18aa3833e1.wasm.wasm_bindgen::convert::closures::_::invoke::hd8f372fbd3ed4996 (http://localhost:1420/flux-app-ui-f2f8529d208ddf3c_bg.wasm:wasm-function[4024]:0x132344)
    at wasm_bindgen__convert__closures_____invoke__hd8f372fbd3ed4996 (http://localhost:1420/flux-app-ui-f2f8529d208ddf3c.js:721:22)
[  615850ms] [WARNING] The `integrity` attribute is currently ignored for preload destinations that do not support subresource integrity. See https://crbug.com/981419 for more information @ http://localhost:1420/:19
[  615872ms] TypeError: Cannot read properties of undefined (reading 'event')
    at __wbg_listen_7ec0e95d762a13a2 (http://localhost:1420/flux-app-ui-f2f8529d208ddf3c.js:452:42)
    at flux_app_ui-2ba01c18aa3833e1.wasm.flux_app_ui::ui::tauri::listen::{{closure}}::__wbg_listen_7ec0e95d762a13a2::h079d71af2af22c4d externref shim (http://localhost:1420/flux-app-ui-f2f8529d208ddf3c_bg.wasm:wasm-function[11921]:0x1ac69a)
    at flux_app_ui-2ba01c18aa3833e1.wasm.flux_app_ui::ui::tauri::listen::{{closure}}::h5d901305d455d81f (http://localhost:1420/flux-app-ui-f2f8529d208ddf3c_bg.wasm:wasm-function[573]:0x71227)
    at flux_app_ui-2ba01c18aa3833e1.wasm.flux_app_ui::ui::tauri::listen_event::{{closure}}::h7cb5cff8e3c3ed5c (http://localhost:1420/flux-app-ui-f2f8529d208ddf3c_bg.wasm:wasm-function[443]:0x5ee63)
    at flux_app_ui-2ba01c18aa3833e1.wasm.flux_app_ui::app::__App::{{closure}}::{{closure}}::h8ca10082219cf886 (http://localhost:1420/flux-app-ui-f2f8529d208ddf3c_bg.wasm:wasm-function[531]:0x6ba5f)
    at flux_app_ui-2ba01c18aa3833e1.wasm.<core::pin::Pin<P> as core::future::future::Future>::poll::h0c269f489e63d77b (http://localhost:1420/flux-app-ui-f2f8529d208ddf3c_bg.wasm:wasm-function[5234]:0x152dd0)
    at flux_app_ui-2ba01c18aa3833e1.wasm.wasm_bindgen_futures::task::singlethread::Inner::is_ready::hce103fa316491728 (http://localhost:1420/flux-app-ui-f2f8529d208ddf3c_bg.wasm:wasm-function[3627]:0x125867)
    at flux_app_ui-2ba01c18aa3833e1.wasm.wasm_bindgen_futures::task::singlethread::Task::run::{{closure}}::h6443472ecc4aadd4 (http://localhost:1420/flux-app-ui-f2f8529d208ddf3c_bg.wasm:wasm-function[8899]:0x18ff63)
    at flux_app_ui-2ba01c18aa3833e1.wasm.wasm_bindgen::convert::closures::_::invoke::hd8f372fbd3ed4996 (http://localhost:1420/flux-app-ui-f2f8529d208ddf3c_bg.wasm:wasm-function[4024]:0x132344)
    at wasm_bindgen__convert__closures_____invoke__hd8f372fbd3ed4996 (http://localhost:1420/flux-app-ui-f2f8529d208ddf3c.js:721:22)
[  620824ms] [WARNING] The `integrity` attribute is currently ignored for preload destinations that do not support subresource integrity. See https://crbug.com/981419 for more information @ http://localhost:1420/:19
[  620844ms] TypeError: Cannot read properties of undefined (reading 'event')
    at __wbg_listen_7ec0e95d762a13a2 (http://localhost:1420/flux-app-ui-f2f8529d208ddf3c.js:452:42)
    at flux_app_ui-2ba01c18aa3833e1.wasm.flux_app_ui::ui::tauri::listen::{{closure}}::__wbg_listen_7ec0e95d762a13a2::h079d71af2af22c4d externref shim (http://localhost:1420/flux-app-ui-f2f8529d208ddf3c_bg.wasm:wasm-function[11921]:0x1ac69a)
    at flux_app_ui-2ba01c18aa3833e1.wasm.flux_app_ui::ui::tauri::listen::{{closure}}::h5d901305d455d81f (http://localhost:1420/flux-app-ui-f2f8529d208ddf3c_bg.wasm:wasm-function[573]:0x71227)
    at flux_app_ui-2ba01c18aa3833e1.wasm.flux_app_ui::ui::tauri::listen_event::{{closure}}::h7cb5cff8e3c3ed5c (http://localhost:1420/flux-app-ui-f2f8529d208ddf3c_bg.wasm:wasm-function[443]:0x5ee63)
    at flux_app_ui-2ba01c18aa3833e1.wasm.flux_app_ui::app::__App::{{closure}}::{{closure}}::h8ca10082219cf886 (http://localhost:1420/flux-app-ui-f2f8529d208ddf3c_bg.wasm:wasm-function[531]:0x6ba5f)
    at flux_app_ui-2ba01c18aa3833e1.wasm.<core::pin::Pin<P> as core::future::future::Future>::poll::h0c269f489e63d77b (http://localhost:1420/flux-app-ui-f2f8529d208ddf3c_bg.wasm:wasm-function[5234]:0x152dd0)
    at flux_app_ui-2ba01c18aa3833e1.wasm.wasm_bindgen_futures::task::singlethread::Inner::is_ready::hce103fa316491728 (http://localhost:1420/flux-app-ui-f2f8529d208ddf3c_bg.wasm:wasm-function[3627]:0x125867)
    at flux_app_ui-2ba01c18aa3833e1.wasm.wasm_bindgen_futures::task::singlethread::Task::run::{{closure}}::h6443472ecc4aadd4 (http://localhost:1420/flux-app-ui-f2f8529d208ddf3c_bg.wasm:wasm-function[8899]:0x18ff63)
    at flux_app_ui-2ba01c18aa3833e1.wasm.wasm_bindgen::convert::closures::_::invoke::hd8f372fbd3ed4996 (http://localhost:1420/flux-app-ui-f2f8529d208ddf3c_bg.wasm:wasm-function[4024]:0x132344)
    at wasm_bindgen__convert__closures_____invoke__hd8f372fbd3ed4996 (http://localhost:1420/flux-app-ui-f2f8529d208ddf3c.js:721:22)
[  622062ms] [WARNING] The `integrity` attribute is currently ignored for preload destinations that do not support subresource integrity. See https://crbug.com/981419 for more information @ http://localhost:1420/:19
[  622082ms] TypeError: Cannot read properties of undefined (reading 'event')
    at __wbg_listen_7ec0e95d762a13a2 (http://localhost:1420/flux-app-ui-f2f8529d208ddf3c.js:452:42)
    at flux_app_ui-2ba01c18aa3833e1.wasm.flux_app_ui::ui::tauri::listen::{{closure}}::__wbg_listen_7ec0e95d762a13a2::h079d71af2af22c4d externref shim (http://localhost:1420/flux-app-ui-f2f8529d208ddf3c_bg.wasm:wasm-function[11921]:0x1ac69a)
    at flux_app_ui-2ba01c18aa3833e1.wasm.flux_app_ui::ui::tauri::listen::{{closure}}::h5d901305d455d81f (http://localhost:1420/flux-app-ui-f2f8529d208ddf3c_bg.wasm:wasm-function[573]:0x71227)
    at flux_app_ui-2ba01c18aa3833e1.wasm.flux_app_ui::ui::tauri::listen_event::{{closure}}::h7cb5cff8e3c3ed5c (http://localhost:1420/flux-app-ui-f2f8529d208ddf3c_bg.wasm:wasm-function[443]:0x5ee63)
    at flux_app_ui-2ba01c18aa3833e1.wasm.flux_app_ui::app::__App::{{closure}}::{{closure}}::h8ca10082219cf886 (http://localhost:1420/flux-app-ui-f2f8529d208ddf3c_bg.wasm:wasm-function[531]:0x6ba5f)
    at flux_app_ui-2ba01c18aa3833e1.wasm.<core::pin::Pin<P> as core::future::future::Future>::poll::h0c269f489e63d77b (http://localhost:1420/flux-app-ui-f2f8529d208ddf3c_bg.wasm:wasm-function[5234]:0x152dd0)
    at flux_app_ui-2ba01c18aa3833e1.wasm.wasm_bindgen_futures::task::singlethread::Inner::is_ready::hce103fa316491728 (http://localhost:1420/flux-app-ui-f2f8529d208ddf3c_bg.wasm:wasm-function[3627]:0x125867)
    at flux_app_ui-2ba01c18aa3833e1.wasm.wasm_bindgen_futures::task::singlethread::Task::run::{{closure}}::h6443472ecc4aadd4 (http://localhost:1420/flux-app-ui-f2f8529d208ddf3c_bg.wasm:wasm-function[8899]:0x18ff63)
    at flux_app_ui-2ba01c18aa3833e1.wasm.wasm_bindgen::convert::closures::_::invoke::hd8f372fbd3ed4996 (http://localhost:1420/flux-app-ui-f2f8529d208ddf3c_bg.wasm:wasm-function[4024]:0x132344)
    at wasm_bindgen__convert__closures_____invoke__hd8f372fbd3ed4996 (http://localhost:1420/flux-app-ui-f2f8529d208ddf3c.js:721:22)
[  630885ms] [WARNING] The `integrity` attribute is currently ignored for preload destinations that do not support subresource integrity. See https://crbug.com/981419 for more information @ http://localhost:1420/:19
[  630917ms] TypeError: Cannot read properties of undefined (reading 'event')
    at __wbg_listen_7ec0e95d762a13a2 (http://localhost:1420/flux-app-ui-f2f8529d208ddf3c.js:452:42)
    at flux_app_ui-2ba01c18aa3833e1.wasm.flux_app_ui::ui::tauri::listen::{{closure}}::__wbg_listen_7ec0e95d762a13a2::h079d71af2af22c4d externref shim (http://localhost:1420/flux-app-ui-f2f8529d208ddf3c_bg.wasm:wasm-function[11921]:0x1ac69a)
    at flux_app_ui-2ba01c18aa3833e1.wasm.flux_app_ui::ui::tauri::listen::{{closure}}::h5d901305d455d81f (http://localhost:1420/flux-app-ui-f2f8529d208ddf3c_bg.wasm:wasm-function[573]:0x71227)
    at flux_app_ui-2ba01c18aa3833e1.wasm.flux_app_ui::ui::tauri::listen_event::{{closure}}::h7cb5cff8e3c3ed5c (http://localhost:1420/flux-app-ui-f2f8529d208ddf3c_bg.wasm:wasm-function[443]:0x5ee63)
    at flux_app_ui-2ba01c18aa3833e1.wasm.flux_app_ui::app::__App::{{closure}}::{{closure}}::h8ca10082219cf886 (http://localhost:1420/flux-app-ui-f2f8529d208ddf3c_bg.wasm:wasm-function[531]:0x6ba5f)
    at flux_app_ui-2ba01c18aa3833e1.wasm.<core::pin::Pin<P> as core::future::future::Future>::poll::h0c269f489e63d77b (http://localhost:1420/flux-app-ui-f2f8529d208ddf3c_bg.wasm:wasm-function[5234]:0x152dd0)
    at flux_app_ui-2ba01c18aa3833e1.wasm.wasm_bindgen_futures::task::singlethread::Inner::is_ready::hce103fa316491728 (http://localhost:1420/flux-app-ui-f2f8529d208ddf3c_bg.wasm:wasm-function[3627]:0x125867)
    at flux_app_ui-2ba01c18aa3833e1.wasm.wasm_bindgen_futures::task::singlethread::Task::run::{{closure}}::h6443472ecc4aadd4 (http://localhost:1420/flux-app-ui-f2f8529d208ddf3c_bg.wasm:wasm-function[8899]:0x18ff63)
    at flux_app_ui-2ba01c18aa3833e1.wasm.wasm_bindgen::convert::closures::_::invoke::hd8f372fbd3ed4996 (http://localhost:1420/flux-app-ui-f2f8529d208ddf3c_bg.wasm:wasm-function[4024]:0x132344)
    at wasm_bindgen__convert__closures_____invoke__hd8f372fbd3ed4996 (http://localhost:1420/flux-app-ui-f2f8529d208ddf3c.js:721:22)
