[      50ms] [WARNING] The `integrity` attribute is currently ignored for preload destinations that do not support subresource integrity. See https://crbug.com/981419 for more information @ http://localhost:1420/:19
[      80ms] TypeError: Cannot read properties of undefined (reading 'event')
    at __wbg_listen_7ec0e95d762a13a2 (http://localhost:1420/flux-app-ui-84c6f0e76320ca4e.js:415:42)
    at flux_app_ui-2ba01c18aa3833e1.wasm.flux_app_ui::ui::tauri::listen::{{closure}}::__wbg_listen_7ec0e95d762a13a2::h079d71af2af22c4d externref shim (http://localhost:1420/flux-app-ui-84c6f0e76320ca4e_bg.wasm:wasm-function[9342]:0x1546eb)
    at flux_app_ui-2ba01c18aa3833e1.wasm.flux_app_ui::ui::tauri::listen::{{closure}}::h5d901305d455d81f (http://localhost:1420/flux-app-ui-84c6f0e76320ca4e_bg.wasm:wasm-function[503]:0x615b5)
    at flux_app_ui-2ba01c18aa3833e1.wasm.flux_app_ui::ui::tauri::listen_event::{{closure}}::h88363b7225a238d5 (http://localhost:1420/flux-app-ui-84c6f0e76320ca4e_bg.wasm:wasm-function[466]:0x5c80f)
    at flux_app_ui-2ba01c18aa3833e1.wasm.flux_app_ui::app::__App::{{closure}}::{{closure}}::h5cd3c3eb44491d65 (http://localhost:1420/flux-app-ui-84c6f0e76320ca4e_bg.wasm:wasm-function[633]:0x7062b)
    at flux_app_ui-2ba01c18aa3833e1.wasm.<core::pin::Pin<P> as core::future::future::Future>::poll::h0c269f489e63d77b (http://localhost:1420/flux-app-ui-84c6f0e76320ca4e_bg.wasm:wasm-function[4037]:0x10d15d)
    at flux_app_ui-2ba01c18aa3833e1.wasm.wasm_bindgen_futures::task::singlethread::Inner::is_ready::hce103fa316491728 (http://localhost:1420/flux-app-ui-84c6f0e76320ca4e_bg.wasm:wasm-function[2789]:0xe9e1c)
    at flux_app_ui-2ba01c18aa3833e1.wasm.wasm_bindgen_futures::task::singlethread::Task::run::{{closure}}::h6443472ecc4aadd4 (http://localhost:1420/flux-app-ui-84c6f0e76320ca4e_bg.wasm:wasm-function[6973]:0x13e0a2)
    at flux_app_ui-2ba01c18aa3833e1.wasm.wasm_bindgen::convert::closures::_::invoke::hd8f372fbd3ed4996 (http://localhost:1420/flux-app-ui-84c6f0e76320ca4e_bg.wasm:wasm-function[3088]:0xf370e)
    at wasm_bindgen__convert__closures_____invoke__hd8f372fbd3ed4996 (http://localhost:1420/flux-app-ui-84c6f0e76320ca4e.js:667:22)
[      78ms] [ERROR] Build failed: error from build pipeline

Caused by:
	0: HTML build pipeline failed (1 errors), showing first
	1: error from asset pipeline
	2: running cargo build
	3: error during cargo build execution
	4: cargo call to executable 'cargo' with args: '["build", "--target=wasm32-unknown-unknown", "--manifest-path", "/Users/michaelpolansky/Development/flux/flux-app/Cargo.toml"]' returned a bad status: exit status: 101
 @ http://localhost:1420/:135
[  130973ms] TypeError: Cannot read properties of undefined (reading 'core')
    at __wbg_invoke_0d6dbea4af0851b6 (http://localhost:1420/flux-app-ui-84c6f0e76320ca4e.js:399:42)
    at flux_app_ui-2ba01c18aa3833e1.wasm.flux_app_ui::services::audio::invoke::{{closure}}::__wbg_invoke_0d6dbea4af0851b6::h4ba6893f51abc864 externref shim (http://localhost:1420/flux-app-ui-84c6f0e76320ca4e_bg.wasm:wasm-function[9198]:0x1536ed)
    at flux_app_ui-2ba01c18aa3833e1.wasm.flux_app_ui::ui::tauri::invoke::{{closure}}::hcd72c730cd5547f5 (http://localhost:1420/flux-app-ui-84c6f0e76320ca4e_bg.wasm:wasm-function[502]:0x61382)
    at flux_app_ui-2ba01c18aa3833e1.wasm.flux_app_ui::ui::tauri::toggle_step::{{closure}}::h4727373a7b73037e (http://localhost:1420/flux-app-ui-84c6f0e76320ca4e_bg.wasm:wasm-function[525]:0x642c7)
    at flux_app_ui-2ba01c18aa3833e1.wasm.flux_app_ui::ui::components::grid::__Grid::{{closure}}::{{closure}}::{{closure}}::h978b2a311a78cdab (http://localhost:1420/flux-app-ui-84c6f0e76320ca4e_bg.wasm:wasm-function[830]:0x83c18)
    at flux_app_ui-2ba01c18aa3833e1.wasm.<core::pin::Pin<P> as core::future::future::Future>::poll::h0c269f489e63d77b (http://localhost:1420/flux-app-ui-84c6f0e76320ca4e_bg.wasm:wasm-function[4037]:0x10d15d)
    at flux_app_ui-2ba01c18aa3833e1.wasm.wasm_bindgen_futures::task::singlethread::Inner::is_ready::hce103fa316491728 (http://localhost:1420/flux-app-ui-84c6f0e76320ca4e_bg.wasm:wasm-function[2789]:0xe9e1c)
    at flux_app_ui-2ba01c18aa3833e1.wasm.wasm_bindgen_futures::task::singlethread::Task::run::{{closure}}::h6443472ecc4aadd4 (http://localhost:1420/flux-app-ui-84c6f0e76320ca4e_bg.wasm:wasm-function[6973]:0x13e0a2)
    at flux_app_ui-2ba01c18aa3833e1.wasm.wasm_bindgen::convert::closures::_::invoke::hd8f372fbd3ed4996 (http://localhost:1420/flux-app-ui-84c6f0e76320ca4e_bg.wasm:wasm-function[3088]:0xf370e)
    at wasm_bindgen__convert__closures_____invoke__hd8f372fbd3ed4996 (http://localhost:1420/flux-app-ui-84c6f0e76320ca4e.js:667:22)
[  142350ms] TypeError: Cannot read properties of undefined (reading 'core')
    at __wbg_invoke_0d6dbea4af0851b6 (http://localhost:1420/flux-app-ui-84c6f0e76320ca4e.js:399:42)
    at flux_app_ui-2ba01c18aa3833e1.wasm.flux_app_ui::services::audio::invoke::{{closure}}::__wbg_invoke_0d6dbea4af0851b6::h4ba6893f51abc864 externref shim (http://localhost:1420/flux-app-ui-84c6f0e76320ca4e_bg.wasm:wasm-function[9198]:0x1536ed)
    at flux_app_ui-2ba01c18aa3833e1.wasm.flux_app_ui::services::audio::invoke::{{closure}}::h920da0b246c98c89 (http://localhost:1420/flux-app-ui-84c6f0e76320ca4e_bg.wasm:wasm-function[498]:0x60ac7)
    at flux_app_ui-2ba01c18aa3833e1.wasm.flux_app_ui::services::audio::set_playback_state::{{closure}}::h9f271c159ef7fbc3 (http://localhost:1420/flux-app-ui-84c6f0e76320ca4e_bg.wasm:wasm-function[554]:0x67967)
    at flux_app_ui-2ba01c18aa3833e1.wasm.flux_app_ui::ui::components::toolbar::__Toolbar::{{closure}}::{{closure}}::h39731483b7120fc1 (http://localhost:1420/flux-app-ui-84c6f0e76320ca4e_bg.wasm:wasm-function[1030]:0x940dc)
    at flux_app_ui-2ba01c18aa3833e1.wasm.<core::pin::Pin<P> as core::future::future::Future>::poll::h0c269f489e63d77b (http://localhost:1420/flux-app-ui-84c6f0e76320ca4e_bg.wasm:wasm-function[4037]:0x10d15d)
    at flux_app_ui-2ba01c18aa3833e1.wasm.wasm_bindgen_futures::task::singlethread::Inner::is_ready::hce103fa316491728 (http://localhost:1420/flux-app-ui-84c6f0e76320ca4e_bg.wasm:wasm-function[2789]:0xe9e1c)
    at flux_app_ui-2ba01c18aa3833e1.wasm.wasm_bindgen_futures::task::singlethread::Task::run::{{closure}}::h6443472ecc4aadd4 (http://localhost:1420/flux-app-ui-84c6f0e76320ca4e_bg.wasm:wasm-function[6973]:0x13e0a2)
    at flux_app_ui-2ba01c18aa3833e1.wasm.wasm_bindgen::convert::closures::_::invoke::hd8f372fbd3ed4996 (http://localhost:1420/flux-app-ui-84c6f0e76320ca4e_bg.wasm:wasm-function[3088]:0xf370e)
    at wasm_bindgen__convert__closures_____invoke__hd8f372fbd3ed4996 (http://localhost:1420/flux-app-ui-84c6f0e76320ca4e.js:667:22)
[  406675ms] TypeError: Cannot read properties of undefined (reading 'core')
    at __wbg_invoke_0d6dbea4af0851b6 (http://localhost:1420/flux-app-ui-84c6f0e76320ca4e.js:399:42)
    at flux_app_ui-2ba01c18aa3833e1.wasm.flux_app_ui::services::audio::invoke::{{closure}}::__wbg_invoke_0d6dbea4af0851b6::h4ba6893f51abc864 externref shim (http://localhost:1420/flux-app-ui-84c6f0e76320ca4e_bg.wasm:wasm-function[9198]:0x1536ed)
    at flux_app_ui-2ba01c18aa3833e1.wasm.flux_app_ui::ui::tauri::invoke::{{closure}}::hcd72c730cd5547f5 (http://localhost:1420/flux-app-ui-84c6f0e76320ca4e_bg.wasm:wasm-function[502]:0x61382)
    at flux_app_ui-2ba01c18aa3833e1.wasm.flux_app_ui::ui::tauri::push_midi_command::{{closure}}::h9f50e8ac941773f0 (http://localhost:1420/flux-app-ui-84c6f0e76320ca4e_bg.wasm:wasm-function[341]:0x4945b)
    at flux_app_ui-2ba01c18aa3833e1.wasm.flux_app_ui::ui::components::inspector::__Inspector::{{closure}}::{{closure}}::{{closure}}::h4762eb482fd903bc (http://localhost:1420/flux-app-ui-84c6f0e76320ca4e_bg.wasm:wasm-function[741]:0x7b761)
    at flux_app_ui-2ba01c18aa3833e1.wasm.<core::pin::Pin<P> as core::future::future::Future>::poll::h0c269f489e63d77b (http://localhost:1420/flux-app-ui-84c6f0e76320ca4e_bg.wasm:wasm-function[4037]:0x10d15d)
    at flux_app_ui-2ba01c18aa3833e1.wasm.wasm_bindgen_futures::task::singlethread::Inner::is_ready::hce103fa316491728 (http://localhost:1420/flux-app-ui-84c6f0e76320ca4e_bg.wasm:wasm-function[2789]:0xe9e1c)
    at flux_app_ui-2ba01c18aa3833e1.wasm.wasm_bindgen_futures::task::singlethread::Task::run::{{closure}}::h6443472ecc4aadd4 (http://localhost:1420/flux-app-ui-84c6f0e76320ca4e_bg.wasm:wasm-function[6973]:0x13e0a2)
    at flux_app_ui-2ba01c18aa3833e1.wasm.wasm_bindgen::convert::closures::_::invoke::hd8f372fbd3ed4996 (http://localhost:1420/flux-app-ui-84c6f0e76320ca4e_bg.wasm:wasm-function[3088]:0xf370e)
    at wasm_bindgen__convert__closures_____invoke__hd8f372fbd3ed4996 (http://localhost:1420/flux-app-ui-84c6f0e76320ca4e.js:667:22)
