[      55ms] [WARNING] The `integrity` attribute is currently ignored for preload destinations that do not support subresource integrity. See https://crbug.com/981419 for more information @ http://localhost:1420/:19
[      75ms] [ERROR] Build failed: error from build pipeline

Caused by:
	0: HTML build pipeline failed (1 errors), showing first
	1: error from asset pipeline
	2: running cargo build
	3: error during cargo build execution
	4: cargo call to executable 'cargo' with args: '["build", "--target=wasm32-unknown-unknown", "--manifest-path", "/Users/michaelpolansky/Development/flux/flux-app/Cargo.toml"]' returned a bad status: exit status: 101
 @ http://localhost:1420/:135
[     152ms] TypeError: Cannot read properties of undefined (reading 'event')
    at __wbg_listen_7ec0e95d762a13a2 (http://localhost:1420/flux-app-ui-84c6f0e76320ca4e.js:415:42)
    at flux_app_ui-2ba01c18aa3833e1.wasm.flux_app_ui::ui::tauri::listen::{{closure}}::__wbg_listen_7ec0e95d762a13a2::h079d71af2af22c4d externref shim (http://localhost:1420/flux-app-ui-84c6f0e76320ca4e_bg.wasm:wasm-function[9342]:0x1546eb)
    at flux_app_ui-2ba01c18aa3833e1.wasm.flux_app_ui::ui::tauri::listen::{{closure}}::h5d901305d455d81f (http://localhost:1420/flux-app-ui-84c6f0e76320ca4e_bg.wasm:wasm-function[503]:0x615b5)
    at flux_app_ui-2ba01c18aa3833e1.wasm.flux_app_ui::ui::tauri::listen_event::{{closure}}::h88363b7225a238d5 (http://localhost:1420/flux-app-ui-84c6f0e76320ca4e_bg.wasm:wasm-function[466]:0x5c80f)
    at flux_app_ui-2ba01c18aa3833e1.wasm.flux_app_ui::app::__App::{{closure}}::{{closure}}::h5cd3c3eb44491d65 (http://localhost:1420/flux-app-ui-84c6f0e76320ca4e_bg.wasm:wasm-function[633]:0x7062b)
    at flux_app_ui-2ba01c18aa3833e1.wasm.<core::pin::Pin<P> as core::future::future::Future>::poll::h0c269f489e63d77b (http://localhost:1420/flux-app-ui-84c6f0e76320ca4e_bg.wasm:wasm-function[4037]:0x10d15d)
    at flux_app_ui-2ba01c18aa3833e1.wasm.wasm_bindgen_futures::task::singlethread::Inner::is_ready::hce103fa316491728 (http://localhost:1420/flux-app-ui-84c6f0e76320ca4e_bg.wasm:wasm-function[2789]:0xe9e1c)
    at flux_app_ui-2ba01c18aa3833e1.wasm.wasm_bindgen_futures::task::singlethread::Task::run::{{closure}}::h6443472ecc4aadd4 (http://localhost:1420/flux-app-ui-84c6f0e76320ca4e_bg.wasm:wasm-function[6973]:0x13e0a2)
    at flux_app_ui-2ba01c18aa3833e1.wasm.wasm_bindgen::convert::closures::_::invoke::hd8f372fbd3ed4996 (http://localhost:1420/flux-app-ui-84c6f0e76320ca4e_bg.wasm:wasm-function[3088]:0xf370e)
    at wasm_bindgen__convert__closures_____invoke__hd8f372fbd3ed4996 (http://localhost:1420/flux-app-ui-84c6f0e76320ca4e.js:667:22)
[   54069ms] [ERROR] Build failed: error from build pipeline

Caused by:
	0: HTML build pipeline failed (1 errors), showing first
	1: error from asset pipeline
	2: running cargo build
	3: error during cargo build execution
	4: cargo call to executable 'cargo' with args: '["build", "--target=wasm32-unknown-unknown", "--manifest-path", "/Users/michaelpolansky/Development/flux/flux-app/Cargo.toml"]' returned a bad status: exit status: 101
 @ http://localhost:1420/:135
[   55874ms] [ERROR] Build failed: error from build pipeline

Caused by:
	0: HTML build pipeline failed (1 errors), showing first
	1: error from asset pipeline
	2: running cargo build
	3: error during cargo build execution
	4: cargo call to executable 'cargo' with args: '["build", "--target=wasm32-unknown-unknown", "--manifest-path", "/Users/michaelpolansky/Development/flux/flux-app/Cargo.toml"]' returned a bad status: exit status: 101
 @ http://localhost:1420/:135
